<?xml version="1.0" encoding="UTF-8"?>
<!-- Generated by org.testng.reporters.JUnitXMLReporter -->
<testsuite ignored="0" hostname="Ramakrishna-PC" failures="0" tests="7" name="CarLoan" time="0.089" errors="0" timestamp="2024-09-13T12:21:34 IST">
  <testcase classname="test.day3" name="WebLogin" time="0.01"/>
  <testcase classname="test.day3" name="MobileLogin" time="0.001"/>
  <testcase classname="test.day3" name="MobileLogout" time="0.004"/>
  <testcase classname="test.day3" name="MobileLogout" time="0.002"/>
  <testcase classname="test.day3" name="MobileLogout" time="0.002"/>
  <testcase classname="test.day3" name="MobileSignin" time="0.002"/>
  <testcase classname="test.day3" name="APILogin" time="0.002"/>
</testsuite> <!-- CarLoan -->
