<?xml version="1.0" encoding="UTF-8"?>
<!-- Generated by org.testng.reporters.JUnitXMLReporter -->
<testsuite ignored="0" hostname="Ramakrishna-PC" failures="0" tests="6" name="PersonalLoan" time="0.067" errors="0" timestamp="2024-09-13T12:21:34 IST">
  <testcase classname="test.day1" name="Demo" time="0.012"/>
  <testcase classname="test.day1" name="Demo2" time="0.002"/>
  <testcase classname="test.day2" name="Demo2" time="0.002"/>
  <testcase classname="test.day4" name="LoginApi" time="0.002"/>
  <testcase classname="test.day4" name="MobileLogin" time="0.001"/>
  <testcase classname="test.day4" name="WebLogin" time="0.004"/>
</testsuite> <!-- PersonalLoan -->
