<?xml version="1.0" encoding="UTF-8"?>
<!-- Generated by org.testng.reporters.JUnitXMLReporter -->
<testsuite ignored="7" hostname="Ramakrishna-PC" failures="0" tests="4" name="Regression" time="0.066" errors="0" timestamp="2024-09-13T10:28:30 IST">
  <testcase classname="test.day1" name="Demo" time="0.012"/>
  <testcase classname="test.day2" name="Demo2" time="0.001"/>
  <testcase classname="test.day4" name="MobileLogin" time="0.001"/>
  <testcase classname="test.day3" name="MobileSignin" time="0.003"/>
  <testcase classname="test.day4" name="LoginApi" time="0.0">
    <ignored/>
  </testcase> <!-- LoginApi -->
  <testcase classname="test.day3" name="MobileLogin" time="0.0">
    <ignored/>
  </testcase> <!-- MobileLogin -->
  <testcase classname="test.day3" name="WebLogin" time="0.0">
    <ignored/>
  </testcase> <!-- WebLogin -->
  <testcase classname="test.day3" name="APILogin" time="0.0">
    <ignored/>
  </testcase> <!-- APILogin -->
  <testcase classname="test.day4" name="WebLogin" time="0.0">
    <ignored/>
  </testcase> <!-- WebLogin -->
  <testcase classname="test.day3" name="MobileLogout" time="0.0">
    <ignored/>
  </testcase> <!-- MobileLogout -->
  <testcase classname="test.day1" name="Demo2" time="0.0">
    <ignored/>
  </testcase> <!-- Demo2 -->
</testsuite> <!-- Regression -->
