<?xml version="1.0" encoding="UTF-8"?>
<!-- Generated by org.testng.reporters.JUnitXMLReporter -->
<testsuite ignored="2" hostname="Ramakrishna-PC" failures="0" tests="4" name="Test" time="0.043" errors="0" timestamp="2024-09-13T10:51:02 IST">
  <testcase classname="test.day1" name="Demo" time="0.006"/>
  <testcase classname="test.day1" name="Demo2" time="0.001"/>
  <testcase classname="test.day2" name="Demo2" time="0.002"/>
  <testcase classname="test.day4" name="LoginApi" time="0.0"/>
  <testcase classname="test.day4" name="MobileLogin" time="0.0">
    <ignored/>
  </testcase> <!-- MobileLogin -->
  <testcase classname="test.day4" name="WebLogin" time="0.0">
    <ignored/>
  </testcase> <!-- WebLogin -->
</testsuite> <!-- Test -->
