<?xml version="1.0" encoding="UTF-8"?>
<testng-results ignored="0" total="1" passed="1" failed="0" skipped="0">
  <reporter-output>
  </reporter-output>
  <suite started-at="2024-09-13T13:03:55 IST" name="Default suite" finished-at="2024-09-13T13:03:55 IST" duration-ms="50">
    <groups>
    </groups>
    <test started-at="2024-09-13T13:03:55 IST" name="Default test" finished-at="2024-09-13T13:03:55 IST" duration-ms="50">
      <class name="Java.PS1">
        <test-method is-config="true" signature="beforeRun()[pri:0, instance:Java.PS1@20f5239f]" started-at="2024-09-13T13:03:55 IST" name="beforeRun" finished-at="2024-09-13T13:03:55 IST" duration-ms="6" status="PASS">
          <reporter-output>
          </reporter-output>
        </test-method> <!-- beforeRun -->
        <test-method signature="testRun()[pri:0, instance:Java.PS1@20f5239f]" started-at="2024-09-13T13:03:55 IST" name="testRun" finished-at="2024-09-13T13:03:55 IST" duration-ms="7" status="PASS">
          <reporter-output>
          </reporter-output>
        </test-method> <!-- testRun -->
      </class> <!-- Java.PS1 -->
    </test> <!-- Default test -->
  </suite> <!-- Default suite -->
</testng-results>
